#
# A fatal error has been detected by the Java Runtime Environment:
#
#  EXCEPTION_ACCESS_VIOLATION (0xc0000005) at pc=0x00007ffaf7299eeb, pid=1008, tid=16736
#
# JRE version: Java(TM) SE Runtime Environment (12.0+33) (build 12+33)
# Java VM: Java HotSpot(TM) 64-Bit Server VM (12+33, mixed mode, sharing, tiered, compressed oops, g1 gc, windows-amd64)
# Problematic frame:
# V  [jvm.dll+0x699eeb]
#
# No core dump will be written. Minidumps are not enabled by default on client versions of Windows
#
# If you would like to submit a bug report, please visit:
#   http://bugreport.java.com/bugreport/crash.jsp
#

---------------  S U M M A R Y ------------

Command Line: -agentlib:jdwp=transport=dt_socket,suspend=y,address=localhost:55971 -ea -Dfile.encoding=Cp1252 org.testng.remote.RemoteTestNG -serport 55970 -protocol json -d D:\Selenium\Eclips\BookMySHow\test-output C:\Users\OK\AppData\Local\Temp\testng-eclipse--1438181302\testng-customsuite.xml

Host: Intel(R) Core(TM) i5-3320M CPU @ 2.60GHz, 4 cores, 15G,  Windows 10 , 64 bit Build 18362 (10.0.18362.329)
Time: Tue Feb 11 14:40:02 2020 India Standard Time elapsed time: 13077 seconds (0d 3h 37m 57s)

---------------  T H R E A D  ---------------

Current thread (0x0000013a02234800):  JavaThread "main" [_thread_in_vm, id=16736, stack(0x0000002b0e900000,0x0000002b0ea00000)]

Stack: [0x0000002b0e900000,0x0000002b0ea00000],  sp=0x0000002b0e9f9d60,  free space=999k
Native frames: (J=compiled Java code, j=interpreted, Vv=VM code, C=native code)
V  [jvm.dll+0x699eeb]
V  [jvm.dll+0x3a2013]
V  [jvm.dll+0x534629]
V  [jvm.dll+0x3a5736]
V  [jvm.dll+0x6cab35]
V  [jvm.dll+0x6ca472]
V  [jvm.dll+0x42c7a6]
C  0x0000013a0a645c96

Java frames: (J=compiled Java code, j=interpreted, Vv=VM code)
j  java.lang.StackStreamFactory$AbstractStackWalker.fetchStackFrames(JJII[Ljava/lang/Object;)I+0 java.base@12
j  java.lang.StackStreamFactory$AbstractStackWalker.fetchStackFrames(I)I+35 java.base@12
j  java.lang.StackStreamFactory$AbstractStackWalker.getNextBatch()I+61 java.base@12
j  java.lang.StackStreamFactory$AbstractStackWalker.peekFrame()Ljava/lang/Class;+32 java.base@12
j  java.lang.StackStreamFactory$AbstractStackWalker.hasNext()Z+1 java.base@12
j  java.lang.StackStreamFactory$StackFrameTraverser.tryAdvance(Ljava/util/function/Consumer;)Z+16 java.base@12
j  java.util.stream.ReferencePipeline.forEachWithCancel(Ljava/util/Spliterator;Ljava/util/stream/Sink;)Z+13 java.base@12
j  java.util.stream.AbstractPipeline.copyIntoWithCancel(Ljava/util/stream/Sink;Ljava/util/Spliterator;)Z+32 java.base@12
j  java.util.stream.AbstractPipeline.copyInto(Ljava/util/stream/Sink;Ljava/util/Spliterator;)V+49 java.base@12
j  java.util.stream.AbstractPipeline.wrapAndCopyInto(Ljava/util/stream/Sink;Ljava/util/Spliterator;)Ljava/util/stream/Sink;+13 java.base@12
j  java.util.stream.FindOps$FindOp.evaluateSequential(Ljava/util/stream/PipelineHelper;Ljava/util/Spliterator;)Ljava/lang/Object;+14 java.base@12
j  java.util.stream.AbstractPipeline.evaluate(Ljava/util/stream/TerminalOp;)Ljava/lang/Object;+88 java.base@12
j  java.util.stream.ReferencePipeline.findFirst()Ljava/util/Optional;+5 java.base@12
j  java.util.logging.LogRecord$CallerFinder.lambda$get$1(Ljava/util/stream/Stream;)Ljava/util/Optional;+7 java.logging@12
j  java.util.logging.LogRecord$CallerFinder$$Lambda$185.apply(Ljava/lang/Object;)Ljava/lang/Object;+8 java.logging@12
j  java.lang.StackStreamFactory$StackFrameTraverser.consumeFrames()Ljava/lang/Object;+25 java.base@12
j  java.lang.StackStreamFactory$AbstractStackWalker.doStackWalk(JIIII)Ljava/lang/Object;+78 java.base@12
v  ~StubRoutines::call_stub
j  java.lang.StackStreamFactory$AbstractStackWalker.callStackWalk(JIII[Ljava/lang/Object;)Ljava/lang/Object;+0 java.base@12
j  java.lang.StackStreamFactory$AbstractStackWalker.beginStackWalk()Ljava/lang/Object;+31 java.base@12
j  java.lang.StackStreamFactory$AbstractStackWalker.walk()Ljava/lang/Object;+8 java.base@12
j  java.lang.StackWalker.walk(Ljava/util/function/Function;)Ljava/lang/Object;+10 java.base@12
j  java.util.logging.LogRecord$CallerFinder.get()Ljava/util/Optional;+9 java.logging@12
j  java.util.logging.LogRecord.inferCaller()V+12 java.logging@12
j  java.util.logging.LogRecord.getSourceClassName()Ljava/lang/String;+8 java.logging@12
j  java.util.logging.SimpleFormatter.format(Ljava/util/logging/LogRecord;)Ljava/lang/String;+12 java.logging@12
j  java.util.logging.StreamHandler.publish(Ljava/util/logging/LogRecord;)V+14 java.logging@12
j  java.util.logging.ConsoleHandler.publish(Ljava/util/logging/LogRecord;)V+2 java.logging@12
j  java.util.logging.Logger.log(Ljava/util/logging/LogRecord;)V+90 java.logging@12
j  java.util.logging.Logger.doLog(Ljava/util/logging/LogRecord;)V+46 java.logging@12
j  java.util.logging.Logger.log(Ljava/util/logging/Level;Ljava/lang/String;Ljava/lang/Throwable;)V+29 java.logging@12
j  org.openqa.selenium.support.ui.ExpectedConditions.findElement(Lorg/openqa/selenium/By;Lorg/openqa/selenium/WebDriver;)Lorg/openqa/selenium/WebElement;+54
j  org.openqa.selenium.support.ui.ExpectedConditions.access$000(Lorg/openqa/selenium/By;Lorg/openqa/selenium/WebDriver;)Lorg/openqa/selenium/WebElement;+2
j  org.openqa.selenium.support.ui.ExpectedConditions$6.apply(Lorg/openqa/selenium/WebDriver;)Lorg/openqa/selenium/WebElement;+5
j  org.openqa.selenium.support.ui.ExpectedConditions$6.apply(Ljava/lang/Object;)Ljava/lang/Object;+5
j  org.openqa.selenium.support.ui.FluentWait.until(Ljava/util/function/Function;)Ljava/lang/Object;+25
j  com.bookmyshow.pom.base.BasePage.waitForPresenceAndVisibilityOfElementry(Ljava/lang/String;)Z+24
j  com.bookmyshow.pom.base.BasePage.click1(Ljava/lang/String;)V+4
j  com.bookmyshow.pom.pages.Mughal.English(Lcom/relevantcodes/extentreports/ExtentTest;)V+11
j  com.bookmyshow.pom.testcases.Login.Loging()V+20
v  ~StubRoutines::call_stub
j  jdk.internal.reflect.NativeMethodAccessorImpl.invoke0(Ljava/lang/reflect/Method;Ljava/lang/Object;[Ljava/lang/Object;)Ljava/lang/Object;+0 java.base@12
j  jdk.internal.reflect.NativeMethodAccessorImpl.invoke(Ljava/lang/Object;[Ljava/lang/Object;)Ljava/lang/Object;+100 java.base@12
j  jdk.internal.reflect.DelegatingMethodAccessorImpl.invoke(Ljava/lang/Object;[Ljava/lang/Object;)Ljava/lang/Object;+6 java.base@12
j  java.lang.reflect.Method.invoke(Ljava/lang/Object;[Ljava/lang/Object;)Ljava/lang/Object;+59 java.base@12
j  org.testng.internal.MethodInvocationHelper.invokeMethod(Ljava/lang/reflect/Method;Ljava/lang/Object;[Ljava/lang/Object;)Ljava/lang/Object;+235
j  org.testng.internal.Invoker.invokeMethod(Ljava/lang/Object;Lorg/testng/ITestNGMethod;[Ljava/lang/Object;ILorg/testng/xml/XmlSuite;Ljava/util/Map;Lorg/testng/ITestClass;[Lorg/testng/ITestNGMethod;[Lorg/testng/ITestNGMethod;Lorg/testng/internal/ConfigurationGroupMethods;Lorg/testng/internal/Invoker$FailureContext;)Lorg/testng/ITestResult;+277
j  org.testng.internal.Invoker.invokeTestMethod(Ljava/lang/Object;Lorg/testng/ITestNGMethod;[Ljava/lang/Object;ILorg/testng/xml/XmlSuite;Ljava/util/Map;Lorg/testng/ITestClass;[Lorg/testng/ITestNGMethod;[Lorg/testng/ITestNGMethod;Lorg/testng/internal/ConfigurationGroupMethods;Lorg/testng/internal/Invoker$FailureContext;)Lorg/testng/ITestResult;+29
j  org.testng.internal.Invoker.invokeTestMethods(Lorg/testng/ITestNGMethod;Lorg/testng/xml/XmlSuite;Ljava/util/Map;Lorg/testng/internal/ConfigurationGroupMethods;Ljava/lang/Object;Lorg/testng/ITestContext;)Ljava/util/List;+675
j  org.testng.internal.TestMethodWorker.invokeTestMethods(Lorg/testng/ITestNGMethod;Ljava/lang/Object;Lorg/testng/ITestContext;)V+19
j  org.testng.internal.TestMethodWorker.run()V+60
j  org.testng.TestRunner.privateRun(Lorg/testng/xml/XmlTest;)V+323
j  org.testng.TestRunner.run()V+26
j  org.testng.SuiteRunner.runTest(Lorg/testng/TestRunner;)V+1
j  org.testng.SuiteRunner.runSequentially()V+31
j  org.testng.SuiteRunner.privateRun()V+282
j  org.testng.SuiteRunner.run()V+6
j  org.testng.SuiteRunnerWorker.runSuite(Lorg/testng/internal/SuiteRunnerMap;Lorg/testng/xml/XmlSuite;)V+89
j  org.testng.SuiteRunnerWorker.run()V+12
j  org.testng.TestNG.runSuitesSequentially(Lorg/testng/xml/XmlSuite;Lorg/testng/internal/SuiteRunnerMap;ILjava/lang/String;)V+66
j  org.testng.TestNG.runSuitesLocally()Ljava/util/List;+143
j  org.testng.TestNG.run()V+81
j  org.testng.remote.AbstractRemoteTestNG.run()V+149
j  org.testng.remote.RemoteTestNG.initAndRun(Lorg/testng/remote/IRemoteTestNG;[Ljava/lang/String;Lorg/testng/CommandLineArgs;Lorg/testng/remote/RemoteArgs;)V+184
j  org.testng.remote.RemoteTestNG.main([Ljava/lang/String;)V+201
v  ~StubRoutines::call_stub

siginfo: EXCEPTION_ACCESS_VIOLATION (0xc0000005), reading address 0x0000000000000008


Register to memory mapping:

RIP=0x00007ffaf7299eeb jvm.dll
RAX=0x0000000000000010 is an unknown value
RBX=0x0000013a25b12f68 points into unknown readable memory: 68 0a f6 0f 07 00 00 00
RCX=0x000000070ff60a68 points into unknown readable memory: 05 00 00 00 00 00 00 00
RDX=0x0000000000000010 is an unknown value
RSP=0x0000002b0e9f9d60 is pointing into the stack for thread: 0x0000013a02234800
RBP=0x000000070ff60a68 points into unknown readable memory: 05 00 00 00 00 00 00 00
RSI=0x0 is NULL
RDI=0x0000013a02231690 points into unknown readable memory: 01 00 00 00 00 00 00 00
R8 =0x0 is NULL
R9 ={method} {0x0000013a27e2ff98} 'quit' '()V' in 'com/bookmyshow/pom/testcases/Login'
R10=0x0000000000000003 is an unknown value
R11=0x0000000000000003 is an unknown value
R12=0x0000000000000014 is an unknown value
R13=0x000000080121d908 is a pointer to class: 
com.bookmyshow.pom.testcases.Login {0x000000080121d910}
R14=0x000000080121d908 is a pointer to class: 
com.bookmyshow.pom.testcases.Login {0x000000080121d910}
R15=0x0000013a02234800 is a thread


Registers:
RAX=0x0000000000000010, RBX=0x0000013a25b12f68, RCX=0x000000070ff60a68, RDX=0x0000000000000010
RSP=0x0000002b0e9f9d60, RBP=0x000000070ff60a68, RSI=0x0000000000000000, RDI=0x0000013a02231690
R8 =0x0000000000000000, R9 =0x0000013a27e2ff90, R10=0x0000000000000003, R11=0x0000000000000003
R12=0x0000000000000014, R13=0x000000080121d908, R14=0x000000080121d908, R15=0x0000013a02234800
RIP=0x00007ffaf7299eeb, EFLAGS=0x0000000000010202

Top of Stack: (sp=0x0000002b0e9f9d60)
0x0000002b0e9f9d60:   0000e3948dee0d5c 000000000000000b
0x0000002b0e9f9d70:   0000013a02234800 0000013a25731908
0x0000002b0e9f9d80:   0000013a02234800 00007ffaf6fa2013
0x0000002b0e9f9d90:   000000070ff60a68 0000013a25731908
0x0000002b0e9f9da0:   0000002b0e9f9de0 00007ffb17c725e4
0x0000002b0e9f9db0:   0000000000000008 00007ffaf7134629
0x0000002b0e9f9dc0:   0000013a25b12f68 0000000000000000
0x0000002b0e9f9dd0:   0000002b0e9f9e40 0000013a25731908
0x0000002b0e9f9de0:   0000013a25731908 0000013a02234800
0x0000002b0e9f9df0:   0000002b0e9f9f18 0000013a02234800
0x0000002b0e9f9e00:   0000002b0e9fb020 0000000000000014
0x0000002b0e9f9e10:   0000013a25b12f58 00007ffaf6fa5736
0x0000002b0e9f9e20:   0000013a25b12f60 000000070ff60960
0x0000002b0e9f9e30:   0000013a02234800 0000013a02234800
0x0000002b0e9f9e40:   000000080121d908 000000080121d908
0x0000002b0e9f9e50:   0000013a25731908 0000013a02234800 

Instructions: (pc=0x00007ffaf7299eeb)
0x00007ffaf7299ecb:   2e 48 8b 48 18 e8 bb cd ce ff 48 8b f0 48 85 db
0x00007ffaf7299edb:   74 03 48 8b 2b 48 8b d0 48 8b cd e8 85 be d0 ff
0x00007ffaf7299eeb:   48 8b 46 08 4c 8b c3 48 8b d6 48 8b 48 08 48 8b
0x00007ffaf7299efb:   41 18 b9 00 80 00 00 66 09 88 3a 01 00 00 48 8b 


Stack slot to memory mapping:
stack at sp + 0 slots: 0x0000e3948dee0d5c is an unknown value
stack at sp + 1 slots: 0x000000000000000b is an unknown value
stack at sp + 2 slots: 0x0000013a02234800 is a thread
stack at sp + 3 slots: {method} {0x0000013a25731910} 'Loging' '()V' in 'com/bookmyshow/pom/testcases/Login'
stack at sp + 4 slots: 0x0000013a02234800 is a thread
stack at sp + 5 slots: 0x00007ffaf6fa2013 jvm.dll
stack at sp + 6 slots: 0x000000070ff60a68 points into unknown readable memory: 05 00 00 00 00 00 00 00
stack at sp + 7 slots: {method} {0x0000013a25731910} 'Loging' '()V' in 'com/bookmyshow/pom/testcases/Login'


---------------  P R O C E S S  ---------------

Threads class SMR info:
_java_thread_list=0x0000013a26d3c390, length=15, elements={
0x0000013a02234800, 0x0000013a25252000, 0x0000013a2525b000, 0x0000013a2526a000,
0x0000013a2526d000, 0x0000013a2526e000, 0x0000013a25b0a800, 0x0000013a25b6e000,
0x0000013a25c6c800, 0x0000013a25c6f800, 0x0000013a25c71000, 0x0000013a25c7e800,
0x0000013a25c89000, 0x0000013a25e51800, 0x0000013a26fa3800
}

Java Threads: ( => current thread )
=>0x0000013a02234800 JavaThread "main" [_thread_in_vm, id=16736, stack(0x0000002b0e900000,0x0000002b0ea00000)]
  0x0000013a25252000 JavaThread "Reference Handler" daemon [_thread_blocked, id=10508, stack(0x0000002b0f000000,0x0000002b0f100000)]
  0x0000013a2525b000 JavaThread "Finalizer" daemon [_thread_blocked, id=7432, stack(0x0000002b0f100000,0x0000002b0f200000)]
  0x0000013a2526a000 JavaThread "Signal Dispatcher" daemon [_thread_blocked, id=6212, stack(0x0000002b0f300000,0x0000002b0f400000)]
  0x0000013a2526d000 JavaThread "Attach Listener" daemon [_thread_blocked, id=16424, stack(0x0000002b0f400000,0x0000002b0f500000)]
  0x0000013a2526e000 JavaThread "C2 CompilerThread0" daemon [_thread_blocked, id=6424, stack(0x0000002b0f500000,0x0000002b0f600000)]
  0x0000013a25b0a800 JavaThread "C1 CompilerThread0" daemon [_thread_blocked, id=16624, stack(0x0000002b0f600000,0x0000002b0f700000)]
  0x0000013a25b6e000 JavaThread "Sweeper thread" daemon [_thread_blocked, id=8036, stack(0x0000002b0f700000,0x0000002b0f800000)]
  0x0000013a25c6c800 JavaThread "JDWP Transport Listener: dt_socket" daemon [_thread_blocked, id=15580, stack(0x0000002b0f800000,0x0000002b0f900000)]
  0x0000013a25c6f800 JavaThread "JDWP Event Helper Thread" daemon [_thread_blocked, id=13048, stack(0x0000002b0f900000,0x0000002b0fa00000)]
  0x0000013a25c71000 JavaThread "JDWP Command Reader" daemon [_thread_in_native, id=7228, stack(0x0000002b0fa00000,0x0000002b0fb00000)]
  0x0000013a25c7e800 JavaThread "Service Thread" daemon [_thread_blocked, id=12148, stack(0x0000002b0fb00000,0x0000002b0fc00000)]
  0x0000013a25c89000 JavaThread "Common-Cleaner" daemon [_thread_blocked, id=9688, stack(0x0000002b0fd00000,0x0000002b0fe00000)]
  0x0000013a25e51800 JavaThread "ReaderThread" [_thread_in_native, id=4584, stack(0x0000002b0ff00000,0x0000002b10000000)]
  0x0000013a26fa3800 JavaThread "ForkJoinPool.commonPool-worker-7" daemon [_thread_blocked, id=6884, stack(0x0000002b10600000,0x0000002b10700000)]

Other Threads:
  0x0000013a2524e000 VMThread "VM Thread" [stack: 0x0000002b0ef00000,0x0000002b0f000000] [id=8560]
  0x0000013a25c83800 WatcherThread [stack: 0x0000002b0fc00000,0x0000002b0fd00000] [id=17700]
  0x0000013a02299000 GCTaskThread "GC Thread#0" [stack: 0x0000002b0ea00000,0x0000002b0eb00000] [id=5688]
  0x0000013a26bc4800 GCTaskThread "GC Thread#1" [stack: 0x0000002b10100000,0x0000002b10200000] [id=15060]
  0x0000013a26bd9000 GCTaskThread "GC Thread#2" [stack: 0x0000002b10200000,0x0000002b10300000] [id=14184]
  0x0000013a26b9a000 GCTaskThread "GC Thread#3" [stack: 0x0000002b10300000,0x0000002b10400000] [id=7244]
  0x0000013a022b3800 ConcurrentGCThread "G1 Main Marker" [stack: 0x0000002b0eb00000,0x0000002b0ec00000] [id=856]
  0x0000013a022b6800 ConcurrentGCThread "G1 Conc#0" [stack: 0x0000002b0ec00000,0x0000002b0ed00000] [id=13420]
  0x0000013a2514c000 ConcurrentGCThread "G1 Refine#0" [stack: 0x0000002b0ed00000,0x0000002b0ee00000] [id=13576]
  0x0000013a2514d000 ConcurrentGCThread "G1 Young RemSet Sampling" [stack: 0x0000002b0ee00000,0x0000002b0ef00000] [id=12516]

Threads with active compile tasks:

VM state:not at safepoint (normal execution)

VM Mutex/Monitor currently owned by a thread:  ([mutex/lock_event])
[0x0000013a02231690] ResolvedMethodTable_lock - owner thread: 0x0000013a02234800

Heap address: 0x0000000701c00000, size: 4068 MB, Compressed Oops mode: Zero based, Oop shift amount: 3
Narrow klass base: 0x0000000800000000, Narrow klass shift: 3
Compressed class space size: 1073741824 Address: 0x00000008011a0000

Heap:
 garbage-first heap   total 262144K, used 30992K [0x0000000701c00000, 0x0000000800000000)
  region size 1024K, 29 young (29696K), 2 survivors (2048K)
 Metaspace       used 15321K, capacity 15835K, committed 16000K, reserved 1062912K
  class space    used 1907K, capacity 2084K, committed 2176K, reserved 1048576K
Heap Regions: E=young(eden), S=young(survivor), O=old, HS=humongous(starts), HC=humongous(continues), CS=collection set, F=free, A=archive, TAMS=top-at-mark-start (previous, next)
|   0|0x0000000701c00000, 0x0000000701d00000, 0x0000000701d00000|100%| O|  |TAMS 0x0000000701c00000, 0x0000000701c00000| Untracked 
|   1|0x0000000701d00000, 0x0000000701e00000, 0x0000000701e00000|100%| O|  |TAMS 0x0000000701d00000, 0x0000000701d00000| Untracked 
|   2|0x0000000701e00000, 0x0000000701f00000, 0x0000000701f00000|100%| O|  |TAMS 0x0000000701e00000, 0x0000000701e00000| Untracked 
|   3|0x0000000701f00000, 0x0000000701fd7000, 0x0000000702000000| 83%| O|  |TAMS 0x0000000701f00000, 0x0000000701f00000| Untracked 
|   4|0x0000000702000000, 0x0000000702000000, 0x0000000702100000|  0%| F|  |TAMS 0x0000000702000000, 0x0000000702000000| Untracked 
|   5|0x0000000702100000, 0x0000000702100000, 0x0000000702200000|  0%| F|  |TAMS 0x0000000702100000, 0x0000000702100000| Untracked 
|   6|0x0000000702200000, 0x0000000702200000, 0x0000000702300000|  0%| F|  |TAMS 0x0000000702200000, 0x0000000702200000| Untracked 
|   7|0x0000000702300000, 0x0000000702300000, 0x0000000702400000|  0%| F|  |TAMS 0x0000000702300000, 0x0000000702300000| Untracked 
|   8|0x0000000702400000, 0x0000000702400000, 0x0000000702500000|  0%| F|  |TAMS 0x0000000702400000, 0x0000000702400000| Untracked 
|   9|0x0000000702500000, 0x0000000702500000, 0x0000000702600000|  0%| F|  |TAMS 0x0000000702500000, 0x0000000702500000| Untracked 
|  10|0x0000000702600000, 0x0000000702600000, 0x0000000702700000|  0%| F|  |TAMS 0x0000000702600000, 0x0000000702600000| Untracked 
|  11|0x0000000702700000, 0x0000000702700000, 0x0000000702800000|  0%| F|  |TAMS 0x0000000702700000, 0x0000000702700000| Untracked 
|  12|0x0000000702800000, 0x0000000702800000, 0x0000000702900000|  0%| F|  |TAMS 0x0000000702800000, 0x0000000702800000| Untracked 
|  13|0x0000000702900000, 0x0000000702900000, 0x0000000702a00000|  0%| F|  |TAMS 0x0000000702900000, 0x0000000702900000| Untracked 
|  14|0x0000000702a00000, 0x0000000702a00000, 0x0000000702b00000|  0%| F|  |TAMS 0x0000000702a00000, 0x0000000702a00000| Untracked 
|  15|0x0000000702b00000, 0x0000000702b00000, 0x0000000702c00000|  0%| F|  |TAMS 0x0000000702b00000, 0x0000000702b00000| Untracked 
|  16|0x0000000702c00000, 0x0000000702c00000, 0x0000000702d00000|  0%| F|  |TAMS 0x0000000702c00000, 0x0000000702c00000| Untracked 
|  17|0x0000000702d00000, 0x0000000702d00000, 0x0000000702e00000|  0%| F|  |TAMS 0x0000000702d00000, 0x0000000702d00000| Untracked 
|  18|0x0000000702e00000, 0x0000000702e00000, 0x0000000702f00000|  0%| F|  |TAMS 0x0000000702e00000, 0x0000000702e00000| Untracked 
|  19|0x0000000702f00000, 0x0000000702f00000, 0x0000000703000000|  0%| F|  |TAMS 0x0000000702f00000, 0x0000000702f00000| Untracked 
|  20|0x0000000703000000, 0x0000000703000000, 0x0000000703100000|  0%| F|  |TAMS 0x0000000703000000, 0x0000000703000000| Untracked 
|  21|0x0000000703100000, 0x0000000703100000, 0x0000000703200000|  0%| F|  |TAMS 0x0000000703100000, 0x0000000703100000| Untracked 
|  22|0x0000000703200000, 0x0000000703200000, 0x0000000703300000|  0%| F|  |TAMS 0x0000000703200000, 0x0000000703200000| Untracked 
|  23|0x0000000703300000, 0x0000000703300000, 0x0000000703400000|  0%| F|  |TAMS 0x0000000703300000, 0x0000000703300000| Untracked 
|  24|0x0000000703400000, 0x0000000703400000, 0x0000000703500000|  0%| F|  |TAMS 0x0000000703400000, 0x0000000703400000| Untracked 
|  25|0x0000000703500000, 0x0000000703500000, 0x0000000703600000|  0%| F|  |TAMS 0x0000000703500000, 0x0000000703500000| Untracked 
|  26|0x0000000703600000, 0x0000000703600000, 0x0000000703700000|  0%| F|  |TAMS 0x0000000703600000, 0x0000000703600000| Untracked 
|  27|0x0000000703700000, 0x0000000703700000, 0x0000000703800000|  0%| F|  |TAMS 0x0000000703700000, 0x0000000703700000| Untracked 
|  28|0x0000000703800000, 0x0000000703800000, 0x0000000703900000|  0%| F|  |TAMS 0x0000000703800000, 0x0000000703800000| Untracked 
|  29|0x0000000703900000, 0x0000000703900000, 0x0000000703a00000|  0%| F|  |TAMS 0x0000000703900000, 0x0000000703900000| Untracked 
|  30|0x0000000703a00000, 0x0000000703a00000, 0x0000000703b00000|  0%| F|  |TAMS 0x0000000703a00000, 0x0000000703a00000| Untracked 
|  31|0x0000000703b00000, 0x0000000703b00000, 0x0000000703c00000|  0%| F|  |TAMS 0x0000000703b00000, 0x0000000703b00000| Untracked 
|  32|0x0000000703c00000, 0x0000000703c00000, 0x0000000703d00000|  0%| F|  |TAMS 0x0000000703c00000, 0x0000000703c00000| Untracked 
|  33|0x0000000703d00000, 0x0000000703d00000, 0x0000000703e00000|  0%| F|  |TAMS 0x0000000703d00000, 0x0000000703d00000| Untracked 
|  34|0x0000000703e00000, 0x0000000703e00000, 0x0000000703f00000|  0%| F|  |TAMS 0x0000000703e00000, 0x0000000703e00000| Untracked 
|  35|0x0000000703f00000, 0x0000000703f00000, 0x0000000704000000|  0%| F|  |TAMS 0x0000000703f00000, 0x0000000703f00000| Untracked 
|  36|0x0000000704000000, 0x0000000704000000, 0x0000000704100000|  0%| F|  |TAMS 0x0000000704000000, 0x0000000704000000| Untracked 
|  37|0x0000000704100000, 0x0000000704100000, 0x0000000704200000|  0%| F|  |TAMS 0x0000000704100000, 0x0000000704100000| Untracked 
|  38|0x0000000704200000, 0x0000000704200000, 0x0000000704300000|  0%| F|  |TAMS 0x0000000704200000, 0x0000000704200000| Untracked 
|  39|0x0000000704300000, 0x0000000704300000, 0x0000000704400000|  0%| F|  |TAMS 0x0000000704300000, 0x0000000704300000| Untracked 
|  40|0x0000000704400000, 0x0000000704400000, 0x0000000704500000|  0%| F|  |TAMS 0x0000000704400000, 0x0000000704400000| Untracked 
|  41|0x0000000704500000, 0x0000000704500000, 0x0000000704600000|  0%| F|  |TAMS 0x0000000704500000, 0x0000000704500000| Untracked 
|  42|0x0000000704600000, 0x0000000704600000, 0x0000000704700000|  0%| F|  |TAMS 0x0000000704600000, 0x0000000704600000| Untracked 
|  43|0x0000000704700000, 0x0000000704700000, 0x0000000704800000|  0%| F|  |TAMS 0x0000000704700000, 0x0000000704700000| Untracked 
|  44|0x0000000704800000, 0x0000000704800000, 0x0000000704900000|  0%| F|  |TAMS 0x0000000704800000, 0x0000000704800000| Untracked 
|  45|0x0000000704900000, 0x0000000704900000, 0x0000000704a00000|  0%| F|  |TAMS 0x0000000704900000, 0x0000000704900000| Untracked 
|  46|0x0000000704a00000, 0x0000000704a00000, 0x0000000704b00000|  0%| F|  |TAMS 0x0000000704a00000, 0x0000000704a00000| Untracked 
|  47|0x0000000704b00000, 0x0000000704b00000, 0x0000000704c00000|  0%| F|  |TAMS 0x0000000704b00000, 0x0000000704b00000| Untracked 
|  48|0x0000000704c00000, 0x0000000704c00000, 0x0000000704d00000|  0%| F|  |TAMS 0x0000000704c00000, 0x0000000704c00000| Untracked 
|  49|0x0000000704d00000, 0x0000000704d00000, 0x0000000704e00000|  0%| F|  |TAMS 0x0000000704d00000, 0x0000000704d00000| Untracked 
|  50|0x0000000704e00000, 0x0000000704e00000, 0x0000000704f00000|  0%| F|  |TAMS 0x0000000704e00000, 0x0000000704e00000| Untracked 
|  51|0x0000000704f00000, 0x0000000704f00000, 0x0000000705000000|  0%| F|  |TAMS 0x0000000704f00000, 0x0000000704f00000| Untracked 
|  52|0x0000000705000000, 0x0000000705000000, 0x0000000705100000|  0%| F|  |TAMS 0x0000000705000000, 0x0000000705000000| Untracked 
|  53|0x0000000705100000, 0x0000000705100000, 0x0000000705200000|  0%| F|  |TAMS 0x0000000705100000, 0x0000000705100000| Untracked 
|  54|0x0000000705200000, 0x0000000705200000, 0x0000000705300000|  0%| F|  |TAMS 0x0000000705200000, 0x0000000705200000| Untracked 
|  55|0x0000000705300000, 0x0000000705300000, 0x0000000705400000|  0%| F|  |TAMS 0x0000000705300000, 0x0000000705300000| Untracked 
|  56|0x0000000705400000, 0x0000000705400000, 0x0000000705500000|  0%| F|  |TAMS 0x0000000705400000, 0x0000000705400000| Untracked 
|  57|0x0000000705500000, 0x0000000705500000, 0x0000000705600000|  0%| F|  |TAMS 0x0000000705500000, 0x0000000705500000| Untracked 
|  58|0x0000000705600000, 0x0000000705600000, 0x0000000705700000|  0%| F|  |TAMS 0x0000000705600000, 0x0000000705600000| Untracked 
|  59|0x0000000705700000, 0x0000000705700000, 0x0000000705800000|  0%| F|  |TAMS 0x0000000705700000, 0x0000000705700000| Untracked 
|  60|0x0000000705800000, 0x0000000705800000, 0x0000000705900000|  0%| F|  |TAMS 0x0000000705800000, 0x0000000705800000| Untracked 
|  61|0x0000000705900000, 0x0000000705900000, 0x0000000705a00000|  0%| F|  |TAMS 0x0000000705900000, 0x0000000705900000| Untracked 
|  62|0x0000000705a00000, 0x0000000705a00000, 0x0000000705b00000|  0%| F|  |TAMS 0x0000000705a00000, 0x0000000705a00000| Untracked 
|  63|0x0000000705b00000, 0x0000000705b00000, 0x0000000705c00000|  0%| F|  |TAMS 0x0000000705b00000, 0x0000000705b00000| Untracked 
|  64|0x0000000705c00000, 0x0000000705c00000, 0x0000000705d00000|  0%| F|  |TAMS 0x0000000705c00000, 0x0000000705c00000| Untracked 
|  65|0x0000000705d00000, 0x0000000705d00000, 0x0000000705e00000|  0%| F|  |TAMS 0x0000000705d00000, 0x0000000705d00000| Untracked 
|  66|0x0000000705e00000, 0x0000000705e00000, 0x0000000705f00000|  0%| F|  |TAMS 0x0000000705e00000, 0x0000000705e00000| Untracked 
|  67|0x0000000705f00000, 0x0000000705f00000, 0x0000000706000000|  0%| F|  |TAMS 0x0000000705f00000, 0x0000000705f00000| Untracked 
|  68|0x0000000706000000, 0x0000000706000000, 0x0000000706100000|  0%| F|  |TAMS 0x0000000706000000, 0x0000000706000000| Untracked 
|  69|0x0000000706100000, 0x0000000706100000, 0x0000000706200000|  0%| F|  |TAMS 0x0000000706100000, 0x0000000706100000| Untracked 
|  70|0x0000000706200000, 0x0000000706200000, 0x0000000706300000|  0%| F|  |TAMS 0x0000000706200000, 0x0000000706200000| Untracked 
|  71|0x0000000706300000, 0x0000000706300000, 0x0000000706400000|  0%| F|  |TAMS 0x0000000706300000, 0x0000000706300000| Untracked 
|  72|0x0000000706400000, 0x0000000706400000, 0x0000000706500000|  0%| F|  |TAMS 0x0000000706400000, 0x0000000706400000| Untracked 
|  73|0x0000000706500000, 0x0000000706500000, 0x0000000706600000|  0%| F|  |TAMS 0x0000000706500000, 0x0000000706500000| Untracked 
|  74|0x0000000706600000, 0x0000000706600000, 0x0000000706700000|  0%| F|  |TAMS 0x0000000706600000, 0x0000000706600000| Untracked 
|  75|0x0000000706700000, 0x0000000706700000, 0x0000000706800000|  0%| F|  |TAMS 0x0000000706700000, 0x0000000706700000| Untracked 
|  76|0x0000000706800000, 0x0000000706800000, 0x0000000706900000|  0%| F|  |TAMS 0x0000000706800000, 0x0000000706800000| Untracked 
|  77|0x0000000706900000, 0x0000000706900000, 0x0000000706a00000|  0%| F|  |TAMS 0x0000000706900000, 0x0000000706900000| Untracked 
|  78|0x0000000706a00000, 0x0000000706a00000, 0x0000000706b00000|  0%| F|  |TAMS 0x0000000706a00000, 0x0000000706a00000| Untracked 
|  79|0x0000000706b00000, 0x0000000706b00000, 0x0000000706c00000|  0%| F|  |TAMS 0x0000000706b00000, 0x0000000706b00000| Untracked 
|  80|0x0000000706c00000, 0x0000000706c00000, 0x0000000706d00000|  0%| F|  |TAMS 0x0000000706c00000, 0x0000000706c00000| Untracked 
|  81|0x0000000706d00000, 0x0000000706d00000, 0x0000000706e00000|  0%| F|  |TAMS 0x0000000706d00000, 0x0000000706d00000| Untracked 
|  82|0x0000000706e00000, 0x0000000706e00000, 0x0000000706f00000|  0%| F|  |TAMS 0x0000000706e00000, 0x0000000706e00000| Untracked 
|  83|0x0000000706f00000, 0x0000000706f00000, 0x0000000707000000|  0%| F|  |TAMS 0x0000000706f00000, 0x0000000706f00000| Untracked 
|  84|0x0000000707000000, 0x0000000707000000, 0x0000000707100000|  0%| F|  |TAMS 0x0000000707000000, 0x0000000707000000| Untracked 
|  85|0x0000000707100000, 0x0000000707100000, 0x0000000707200000|  0%| F|  |TAMS 0x0000000707100000, 0x0000000707100000| Untracked 
|  86|0x0000000707200000, 0x0000000707200000, 0x0000000707300000|  0%| F|  |TAMS 0x0000000707200000, 0x0000000707200000| Untracked 
|  87|0x0000000707300000, 0x0000000707300000, 0x0000000707400000|  0%| F|  |TAMS 0x0000000707300000, 0x0000000707300000| Untracked 
|  88|0x0000000707400000, 0x0000000707400000, 0x0000000707500000|  0%| F|  |TAMS 0x0000000707400000, 0x0000000707400000| Untracked 
|  89|0x0000000707500000, 0x0000000707500000, 0x0000000707600000|  0%| F|  |TAMS 0x0000000707500000, 0x0000000707500000| Untracked 
|  90|0x0000000707600000, 0x0000000707600000, 0x0000000707700000|  0%| F|  |TAMS 0x0000000707600000, 0x0000000707600000| Untracked 
|  91|0x0000000707700000, 0x0000000707700000, 0x0000000707800000|  0%| F|  |TAMS 0x0000000707700000, 0x0000000707700000| Untracked 
|  92|0x0000000707800000, 0x0000000707800000, 0x0000000707900000|  0%| F|  |TAMS 0x0000000707800000, 0x0000000707800000| Untracked 
|  93|0x0000000707900000, 0x0000000707900000, 0x0000000707a00000|  0%| F|  |TAMS 0x0000000707900000, 0x0000000707900000| Untracked 
|  94|0x0000000707a00000, 0x0000000707a00000, 0x0000000707b00000|  0%| F|  |TAMS 0x0000000707a00000, 0x0000000707a00000| Untracked 
|  95|0x0000000707b00000, 0x0000000707b00000, 0x0000000707c00000|  0%| F|  |TAMS 0x0000000707b00000, 0x0000000707b00000| Untracked 
|  96|0x0000000707c00000, 0x0000000707c00000, 0x0000000707d00000|  0%| F|  |TAMS 0x0000000707c00000, 0x0000000707c00000| Untracked 
|  97|0x0000000707d00000, 0x0000000707d00000, 0x0000000707e00000|  0%| F|  |TAMS 0x0000000707d00000, 0x0000000707d00000| Untracked 
|  98|0x0000000707e00000, 0x0000000707e00000, 0x0000000707f00000|  0%| F|  |TAMS 0x0000000707e00000, 0x0000000707e00000| Untracked 
|  99|0x0000000707f00000, 0x0000000707f00000, 0x0000000708000000|  0%| F|  |TAMS 0x0000000707f00000, 0x0000000707f00000| Untracked 
| 100|0x0000000708000000, 0x0000000708000000, 0x0000000708100000|  0%| F|  |TAMS 0x0000000708000000, 0x0000000708000000| Untracked 
| 101|0x0000000708100000, 0x0000000708100000, 0x0000000708200000|  0%| F|  |TAMS 0x0000000708100000, 0x0000000708100000| Untracked 
| 102|0x0000000708200000, 0x0000000708200000, 0x0000000708300000|  0%| F|  |TAMS 0x0000000708200000, 0x0000000708200000| Untracked 
| 103|0x0000000708300000, 0x0000000708300000, 0x0000000708400000|  0%| F|  |TAMS 0x0000000708300000, 0x0000000708300000| Untracked 
| 104|0x0000000708400000, 0x0000000708400000, 0x0000000708500000|  0%| F|  |TAMS 0x0000000708400000, 0x0000000708400000| Untracked 
| 105|0x0000000708500000, 0x0000000708500000, 0x0000000708600000|  0%| F|  |TAMS 0x0000000708500000, 0x0000000708500000| Untracked 
| 106|0x0000000708600000, 0x0000000708600000, 0x0000000708700000|  0%| F|  |TAMS 0x0000000708600000, 0x0000000708600000| Untracked 
| 107|0x0000000708700000, 0x0000000708700000, 0x0000000708800000|  0%| F|  |TAMS 0x0000000708700000, 0x0000000708700000| Untracked 
| 108|0x0000000708800000, 0x0000000708800000, 0x0000000708900000|  0%| F|  |TAMS 0x0000000708800000, 0x0000000708800000| Untracked 
| 109|0x0000000708900000, 0x0000000708900000, 0x0000000708a00000|  0%| F|  |TAMS 0x0000000708900000, 0x0000000708900000| Untracked 
| 110|0x0000000708a00000, 0x0000000708a00000, 0x0000000708b00000|  0%| F|  |TAMS 0x0000000708a00000, 0x0000000708a00000| Untracked 
| 111|0x0000000708b00000, 0x0000000708b00000, 0x0000000708c00000|  0%| F|  |TAMS 0x0000000708b00000, 0x0000000708b00000| Untracked 
| 112|0x0000000708c00000, 0x0000000708c00000, 0x0000000708d00000|  0%| F|  |TAMS 0x0000000708c00000, 0x0000000708c00000| Untracked 
| 113|0x0000000708d00000, 0x0000000708d00000, 0x0000000708e00000|  0%| F|  |TAMS 0x0000000708d00000, 0x0000000708d00000| Untracked 
| 114|0x0000000708e00000, 0x0000000708e00000, 0x0000000708f00000|  0%| F|  |TAMS 0x0000000708e00000, 0x0000000708e00000| Untracked 
| 115|0x0000000708f00000, 0x0000000708f00000, 0x0000000709000000|  0%| F|  |TAMS 0x0000000708f00000, 0x0000000708f00000| Untracked 
| 116|0x0000000709000000, 0x0000000709000000, 0x0000000709100000|  0%| F|  |TAMS 0x0000000709000000, 0x0000000709000000| Untracked 
| 117|0x0000000709100000, 0x0000000709100000, 0x0000000709200000|  0%| F|  |TAMS 0x0000000709100000, 0x0000000709100000| Untracked 
| 118|0x0000000709200000, 0x0000000709200000, 0x0000000709300000|  0%| F|  |TAMS 0x0000000709200000, 0x0000000709200000| Untracked 
| 119|0x0000000709300000, 0x0000000709300000, 0x0000000709400000|  0%| F|  |TAMS 0x0000000709300000, 0x0000000709300000| Untracked 
| 120|0x0000000709400000, 0x0000000709400000, 0x0000000709500000|  0%| F|  |TAMS 0x0000000709400000, 0x0000000709400000| Untracked 
| 121|0x0000000709500000, 0x0000000709500000, 0x0000000709600000|  0%| F|  |TAMS 0x0000000709500000, 0x0000000709500000| Untracked 
| 122|0x0000000709600000, 0x0000000709600000, 0x0000000709700000|  0%| F|  |TAMS 0x0000000709600000, 0x0000000709600000| Untracked 
| 123|0x0000000709700000, 0x0000000709700000, 0x0000000709800000|  0%| F|  |TAMS 0x0000000709700000, 0x0000000709700000| Untracked 
| 124|0x0000000709800000, 0x0000000709800000, 0x0000000709900000|  0%| F|  |TAMS 0x0000000709800000, 0x0000000709800000| Untracked 
| 125|0x0000000709900000, 0x0000000709900000, 0x0000000709a00000|  0%| F|  |TAMS 0x0000000709900000, 0x0000000709900000| Untracked 
| 126|0x0000000709a00000, 0x0000000709a00000, 0x0000000709b00000|  0%| F|  |TAMS 0x0000000709a00000, 0x0000000709a00000| Untracked 
| 127|0x0000000709b00000, 0x0000000709b00000, 0x0000000709c00000|  0%| F|  |TAMS 0x0000000709b00000, 0x0000000709b00000| Untracked 
| 128|0x0000000709c00000, 0x0000000709c00000, 0x0000000709d00000|  0%| F|  |TAMS 0x0000000709c00000, 0x0000000709c00000| Untracked 
| 129|0x0000000709d00000, 0x0000000709d00000, 0x0000000709e00000|  0%| F|  |TAMS 0x0000000709d00000, 0x0000000709d00000| Untracked 
| 130|0x0000000709e00000, 0x0000000709e00000, 0x0000000709f00000|  0%| F|  |TAMS 0x0000000709e00000, 0x0000000709e00000| Untracked 
| 131|0x0000000709f00000, 0x0000000709f00000, 0x000000070a000000|  0%| F|  |TAMS 0x0000000709f00000, 0x0000000709f00000| Untracked 
| 132|0x000000070a000000, 0x000000070a000000, 0x000000070a100000|  0%| F|  |TAMS 0x000000070a000000, 0x000000070a000000| Untracked 
| 133|0x000000070a100000, 0x000000070a100000, 0x000000070a200000|  0%| F|  |TAMS 0x000000070a100000, 0x000000070a100000| Untracked 
| 134|0x000000070a200000, 0x000000070a200000, 0x000000070a300000|  0%| F|  |TAMS 0x000000070a200000, 0x000000070a200000| Untracked 
| 135|0x000000070a300000, 0x000000070a300000, 0x000000070a400000|  0%| F|  |TAMS 0x000000070a300000, 0x000000070a300000| Untracked 
| 136|0x000000070a400000, 0x000000070a400000, 0x000000070a500000|  0%| F|  |TAMS 0x000000070a400000, 0x000000070a400000| Untracked 
| 137|0x000000070a500000, 0x000000070a500000, 0x000000070a600000|  0%| F|  |TAMS 0x000000070a500000, 0x000000070a500000| Untracked 
| 138|0x000000070a600000, 0x000000070a600000, 0x000000070a700000|  0%| F|  |TAMS 0x000000070a600000, 0x000000070a600000| Untracked 
| 139|0x000000070a700000, 0x000000070a700000, 0x000000070a800000|  0%| F|  |TAMS 0x000000070a700000, 0x000000070a700000| Untracked 
| 140|0x000000070a800000, 0x000000070a800000, 0x000000070a900000|  0%| F|  |TAMS 0x000000070a800000, 0x000000070a800000| Untracked 
| 141|0x000000070a900000, 0x000000070a900000, 0x000000070aa00000|  0%| F|  |TAMS 0x000000070a900000, 0x000000070a900000| Untracked 
| 142|0x000000070aa00000, 0x000000070aa00000, 0x000000070ab00000|  0%| F|  |TAMS 0x000000070aa00000, 0x000000070aa00000| Untracked 
| 143|0x000000070ab00000, 0x000000070ab00000, 0x000000070ac00000|  0%| F|  |TAMS 0x000000070ab00000, 0x000000070ab00000| Untracked 
| 144|0x000000070ac00000, 0x000000070ac00000, 0x000000070ad00000|  0%| F|  |TAMS 0x000000070ac00000, 0x000000070ac00000| Untracked 
| 145|0x000000070ad00000, 0x000000070ad00000, 0x000000070ae00000|  0%| F|  |TAMS 0x000000070ad00000, 0x000000070ad00000| Untracked 
| 146|0x000000070ae00000, 0x000000070ae00000, 0x000000070af00000|  0%| F|  |TAMS 0x000000070ae00000, 0x000000070ae00000| Untracked 
| 147|0x000000070af00000, 0x000000070af00000, 0x000000070b000000|  0%| F|  |TAMS 0x000000070af00000, 0x000000070af00000| Untracked 
| 148|0x000000070b000000, 0x000000070b000000, 0x000000070b100000|  0%| F|  |TAMS 0x000000070b000000, 0x000000070b000000| Untracked 
| 149|0x000000070b100000, 0x000000070b100000, 0x000000070b200000|  0%| F|  |TAMS 0x000000070b100000, 0x000000070b100000| Untracked 
| 150|0x000000070b200000, 0x000000070b200000, 0x000000070b300000|  0%| F|  |TAMS 0x000000070b200000, 0x000000070b200000| Untracked 
| 151|0x000000070b300000, 0x000000070b300000, 0x000000070b400000|  0%| F|  |TAMS 0x000000070b300000, 0x000000070b300000| Untracked 
| 152|0x000000070b400000, 0x000000070b400000, 0x000000070b500000|  0%| F|  |TAMS 0x000000070b400000, 0x000000070b400000| Untracked 
| 153|0x000000070b500000, 0x000000070b500000, 0x000000070b600000|  0%| F|  |TAMS 0x000000070b500000, 0x000000070b500000| Untracked 
| 154|0x000000070b600000, 0x000000070b600000, 0x000000070b700000|  0%| F|  |TAMS 0x000000070b600000, 0x000000070b600000| Untracked 
| 155|0x000000070b700000, 0x000000070b700000, 0x000000070b800000|  0%| F|  |TAMS 0x000000070b700000, 0x000000070b700000| Untracked 
| 156|0x000000070b800000, 0x000000070b800000, 0x000000070b900000|  0%| F|  |TAMS 0x000000070b800000, 0x000000070b800000| Untracked 
| 157|0x000000070b900000, 0x000000070b900000, 0x000000070ba00000|  0%| F|  |TAMS 0x000000070b900000, 0x000000070b900000| Untracked 
| 158|0x000000070ba00000, 0x000000070ba00000, 0x000000070bb00000|  0%| F|  |TAMS 0x000000070ba00000, 0x000000070ba00000| Untracked 
| 159|0x000000070bb00000, 0x000000070bb00000, 0x000000070bc00000|  0%| F|  |TAMS 0x000000070bb00000, 0x000000070bb00000| Untracked 
| 160|0x000000070bc00000, 0x000000070bc00000, 0x000000070bd00000|  0%| F|  |TAMS 0x000000070bc00000, 0x000000070bc00000| Untracked 
| 161|0x000000070bd00000, 0x000000070bd00000, 0x000000070be00000|  0%| F|  |TAMS 0x000000070bd00000, 0x000000070bd00000| Untracked 
| 162|0x000000070be00000, 0x000000070be00000, 0x000000070bf00000|  0%| F|  |TAMS 0x000000070be00000, 0x000000070be00000| Untracked 
| 163|0x000000070bf00000, 0x000000070bf00000, 0x000000070c000000|  0%| F|  |TAMS 0x000000070bf00000, 0x000000070bf00000| Untracked 
| 164|0x000000070c000000, 0x000000070c000000, 0x000000070c100000|  0%| F|  |TAMS 0x000000070c000000, 0x000000070c000000| Untracked 
| 165|0x000000070c100000, 0x000000070c100000, 0x000000070c200000|  0%| F|  |TAMS 0x000000070c100000, 0x000000070c100000| Untracked 
| 166|0x000000070c200000, 0x000000070c200000, 0x000000070c300000|  0%| F|  |TAMS 0x000000070c200000, 0x000000070c200000| Untracked 
| 167|0x000000070c300000, 0x000000070c300000, 0x000000070c400000|  0%| F|  |TAMS 0x000000070c300000, 0x000000070c300000| Untracked 
| 168|0x000000070c400000, 0x000000070c400000, 0x000000070c500000|  0%| F|  |TAMS 0x000000070c400000, 0x000000070c400000| Untracked 
| 169|0x000000070c500000, 0x000000070c500000, 0x000000070c600000|  0%| F|  |TAMS 0x000000070c500000, 0x000000070c500000| Untracked 
| 170|0x000000070c600000, 0x000000070c600000, 0x000000070c700000|  0%| F|  |TAMS 0x000000070c600000, 0x000000070c600000| Untracked 
| 171|0x000000070c700000, 0x000000070c700000, 0x000000070c800000|  0%| F|  |TAMS 0x000000070c700000, 0x000000070c700000| Untracked 
| 172|0x000000070c800000, 0x000000070c800000, 0x000000070c900000|  0%| F|  |TAMS 0x000000070c800000, 0x000000070c800000| Untracked 
| 173|0x000000070c900000, 0x000000070c900000, 0x000000070ca00000|  0%| F|  |TAMS 0x000000070c900000, 0x000000070c900000| Untracked 
| 174|0x000000070ca00000, 0x000000070ca00000, 0x000000070cb00000|  0%| F|  |TAMS 0x000000070ca00000, 0x000000070ca00000| Untracked 
| 175|0x000000070cb00000, 0x000000070cb00000, 0x000000070cc00000|  0%| F|  |TAMS 0x000000070cb00000, 0x000000070cb00000| Untracked 
| 176|0x000000070cc00000, 0x000000070cc00000, 0x000000070cd00000|  0%| F|  |TAMS 0x000000070cc00000, 0x000000070cc00000| Untracked 
| 177|0x000000070cd00000, 0x000000070cd00000, 0x000000070ce00000|  0%| F|  |TAMS 0x000000070cd00000, 0x000000070cd00000| Untracked 
| 178|0x000000070ce00000, 0x000000070ce00000, 0x000000070cf00000|  0%| F|  |TAMS 0x000000070ce00000, 0x000000070ce00000| Untracked 
| 179|0x000000070cf00000, 0x000000070cf00000, 0x000000070d000000|  0%| F|  |TAMS 0x000000070cf00000, 0x000000070cf00000| Untracked 
| 180|0x000000070d000000, 0x000000070d000000, 0x000000070d100000|  0%| F|  |TAMS 0x000000070d000000, 0x000000070d000000| Untracked 
| 181|0x000000070d100000, 0x000000070d100000, 0x000000070d200000|  0%| F|  |TAMS 0x000000070d100000, 0x000000070d100000| Untracked 
| 182|0x000000070d200000, 0x000000070d200000, 0x000000070d300000|  0%| F|  |TAMS 0x000000070d200000, 0x000000070d200000| Untracked 
| 183|0x000000070d300000, 0x000000070d300000, 0x000000070d400000|  0%| F|  |TAMS 0x000000070d300000, 0x000000070d300000| Untracked 
| 184|0x000000070d400000, 0x000000070d400000, 0x000000070d500000|  0%| F|  |TAMS 0x000000070d400000, 0x000000070d400000| Untracked 
| 185|0x000000070d500000, 0x000000070d500000, 0x000000070d600000|  0%| F|  |TAMS 0x000000070d500000, 0x000000070d500000| Untracked 
| 186|0x000000070d600000, 0x000000070d600000, 0x000000070d700000|  0%| F|  |TAMS 0x000000070d600000, 0x000000070d600000| Untracked 
| 187|0x000000070d700000, 0x000000070d700000, 0x000000070d800000|  0%| F|  |TAMS 0x000000070d700000, 0x000000070d700000| Untracked 
| 188|0x000000070d800000, 0x000000070d800000, 0x000000070d900000|  0%| F|  |TAMS 0x000000070d800000, 0x000000070d800000| Untracked 
| 189|0x000000070d900000, 0x000000070d900000, 0x000000070da00000|  0%| F|  |TAMS 0x000000070d900000, 0x000000070d900000| Untracked 
| 190|0x000000070da00000, 0x000000070da00000, 0x000000070db00000|  0%| F|  |TAMS 0x000000070da00000, 0x000000070da00000| Untracked 
| 191|0x000000070db00000, 0x000000070db00000, 0x000000070dc00000|  0%| F|  |TAMS 0x000000070db00000, 0x000000070db00000| Untracked 
| 192|0x000000070dc00000, 0x000000070dc00000, 0x000000070dd00000|  0%| F|  |TAMS 0x000000070dc00000, 0x000000070dc00000| Untracked 
| 193|0x000000070dd00000, 0x000000070dd00000, 0x000000070de00000|  0%| F|  |TAMS 0x000000070dd00000, 0x000000070dd00000| Untracked 
| 194|0x000000070de00000, 0x000000070de00000, 0x000000070df00000|  0%| F|  |TAMS 0x000000070de00000, 0x000000070de00000| Untracked 
| 195|0x000000070df00000, 0x000000070df00000, 0x000000070e000000|  0%| F|  |TAMS 0x000000070df00000, 0x000000070df00000| Untracked 
| 196|0x000000070e000000, 0x000000070e000000, 0x000000070e100000|  0%| F|  |TAMS 0x000000070e000000, 0x000000070e000000| Untracked 
| 197|0x000000070e100000, 0x000000070e100000, 0x000000070e200000|  0%| F|  |TAMS 0x000000070e100000, 0x000000070e100000| Untracked 
| 198|0x000000070e200000, 0x000000070e200000, 0x000000070e300000|  0%| F|  |TAMS 0x000000070e200000, 0x000000070e200000| Untracked 
| 199|0x000000070e300000, 0x000000070e300000, 0x000000070e400000|  0%| F|  |TAMS 0x000000070e300000, 0x000000070e300000| Untracked 
| 200|0x000000070e400000, 0x000000070e400000, 0x000000070e500000|  0%| F|  |TAMS 0x000000070e400000, 0x000000070e400000| Untracked 
| 201|0x000000070e500000, 0x000000070e500000, 0x000000070e600000|  0%| F|  |TAMS 0x000000070e500000, 0x000000070e500000| Untracked 
| 202|0x000000070e600000, 0x000000070e600000, 0x000000070e700000|  0%| F|  |TAMS 0x000000070e600000, 0x000000070e600000| Untracked 
| 203|0x000000070e700000, 0x000000070e700000, 0x000000070e800000|  0%| F|  |TAMS 0x000000070e700000, 0x000000070e700000| Untracked 
| 204|0x000000070e800000, 0x000000070e800000, 0x000000070e900000|  0%| F|  |TAMS 0x000000070e800000, 0x000000070e800000| Untracked 
| 205|0x000000070e900000, 0x000000070e900000, 0x000000070ea00000|  0%| F|  |TAMS 0x000000070e900000, 0x000000070e900000| Untracked 
| 206|0x000000070ea00000, 0x000000070ea00000, 0x000000070eb00000|  0%| F|  |TAMS 0x000000070ea00000, 0x000000070ea00000| Untracked 
| 207|0x000000070eb00000, 0x000000070eb00000, 0x000000070ec00000|  0%| F|  |TAMS 0x000000070eb00000, 0x000000070eb00000| Untracked 
| 208|0x000000070ec00000, 0x000000070ec00000, 0x000000070ed00000|  0%| F|  |TAMS 0x000000070ec00000, 0x000000070ec00000| Untracked 
| 209|0x000000070ed00000, 0x000000070ed00000, 0x000000070ee00000|  0%| F|  |TAMS 0x000000070ed00000, 0x000000070ed00000| Untracked 
| 210|0x000000070ee00000, 0x000000070ee00000, 0x000000070ef00000|  0%| F|  |TAMS 0x000000070ee00000, 0x000000070ee00000| Untracked 
| 211|0x000000070ef00000, 0x000000070ef00000, 0x000000070f000000|  0%| F|  |TAMS 0x000000070ef00000, 0x000000070ef00000| Untracked 
| 212|0x000000070f000000, 0x000000070f000000, 0x000000070f100000|  0%| F|  |TAMS 0x000000070f000000, 0x000000070f000000| Untracked 
| 213|0x000000070f100000, 0x000000070f100000, 0x000000070f200000|  0%| F|  |TAMS 0x000000070f100000, 0x000000070f100000| Untracked 
| 214|0x000000070f200000, 0x000000070f200000, 0x000000070f300000|  0%| F|  |TAMS 0x000000070f200000, 0x000000070f200000| Untracked 
| 215|0x000000070f300000, 0x000000070f300000, 0x000000070f400000|  0%| F|  |TAMS 0x000000070f300000, 0x000000070f300000| Untracked 
| 216|0x000000070f400000, 0x000000070f400000, 0x000000070f500000|  0%| F|  |TAMS 0x000000070f400000, 0x000000070f400000| Untracked 
| 217|0x000000070f500000, 0x000000070f500000, 0x000000070f600000|  0%| F|  |TAMS 0x000000070f500000, 0x000000070f500000| Untracked 
| 218|0x000000070f600000, 0x000000070f600000, 0x000000070f700000|  0%| F|  |TAMS 0x000000070f600000, 0x000000070f600000| Untracked 
| 219|0x000000070f700000, 0x000000070f700000, 0x000000070f800000|  0%| F|  |TAMS 0x000000070f700000, 0x000000070f700000| Untracked 
| 220|0x000000070f800000, 0x000000070f800000, 0x000000070f900000|  0%| F|  |TAMS 0x000000070f800000, 0x000000070f800000| Untracked 
| 221|0x000000070f900000, 0x000000070f900000, 0x000000070fa00000|  0%| F|  |TAMS 0x000000070f900000, 0x000000070f900000| Untracked 
| 222|0x000000070fa00000, 0x000000070fa00000, 0x000000070fb00000|  0%| F|  |TAMS 0x000000070fa00000, 0x000000070fa00000| Untracked 
| 223|0x000000070fb00000, 0x000000070fb00000, 0x000000070fc00000|  0%| F|  |TAMS 0x000000070fb00000, 0x000000070fb00000| Untracked 
| 224|0x000000070fc00000, 0x000000070fc00000, 0x000000070fd00000|  0%| F|  |TAMS 0x000000070fc00000, 0x000000070fc00000| Untracked 
| 225|0x000000070fd00000, 0x000000070fd00000, 0x000000070fe00000|  0%| F|  |TAMS 0x000000070fd00000, 0x000000070fd00000| Untracked 
| 226|0x000000070fe00000, 0x000000070fe00000, 0x000000070ff00000|  0%| F|  |TAMS 0x000000070fe00000, 0x000000070fe00000| Untracked 
| 227|0x000000070ff00000, 0x000000070ff80db8, 0x0000000710000000| 50%| E|  |TAMS 0x000000070ff00000, 0x000000070ff00000| Complete 
| 228|0x0000000710000000, 0x0000000710100000, 0x0000000710100000|100%| E|CS|TAMS 0x0000000710000000, 0x0000000710000000| Complete 
| 229|0x0000000710100000, 0x0000000710200000, 0x0000000710200000|100%| E|CS|TAMS 0x0000000710100000, 0x0000000710100000| Complete 
| 230|0x0000000710200000, 0x0000000710300000, 0x0000000710300000|100%| E|CS|TAMS 0x0000000710200000, 0x0000000710200000| Complete 
| 231|0x0000000710300000, 0x0000000710400000, 0x0000000710400000|100%| E|CS|TAMS 0x0000000710300000, 0x0000000710300000| Complete 
| 232|0x0000000710400000, 0x0000000710500000, 0x0000000710500000|100%| E|CS|TAMS 0x0000000710400000, 0x0000000710400000| Complete 
| 233|0x0000000710500000, 0x0000000710600000, 0x0000000710600000|100%| E|CS|TAMS 0x0000000710500000, 0x0000000710500000| Complete 
| 234|0x0000000710600000, 0x0000000710700000, 0x0000000710700000|100%| E|CS|TAMS 0x0000000710600000, 0x0000000710600000| Complete 
| 235|0x0000000710700000, 0x0000000710800000, 0x0000000710800000|100%| E|CS|TAMS 0x0000000710700000, 0x0000000710700000| Complete 
| 236|0x0000000710800000, 0x0000000710900000, 0x0000000710900000|100%| E|CS|TAMS 0x0000000710800000, 0x0000000710800000| Complete 
| 237|0x0000000710900000, 0x0000000710a00000, 0x0000000710a00000|100%| E|  |TAMS 0x0000000710900000, 0x0000000710900000| Complete 
| 238|0x0000000710a00000, 0x0000000710b00000, 0x0000000710b00000|100%| E|CS|TAMS 0x0000000710a00000, 0x0000000710a00000| Complete 
| 239|0x0000000710b00000, 0x0000000710c00000, 0x0000000710c00000|100%| E|CS|TAMS 0x0000000710b00000, 0x0000000710b00000| Complete 
| 240|0x0000000710c00000, 0x0000000710d00000, 0x0000000710d00000|100%| E|CS|TAMS 0x0000000710c00000, 0x0000000710c00000| Complete 
| 241|0x0000000710d00000, 0x0000000710e00000, 0x0000000710e00000|100%| E|CS|TAMS 0x0000000710d00000, 0x0000000710d00000| Complete 
| 242|0x0000000710e00000, 0x0000000710e6d0d8, 0x0000000710f00000| 42%| S|CS|TAMS 0x0000000710e00000, 0x0000000710e00000| Complete 
| 243|0x0000000710f00000, 0x0000000711000000, 0x0000000711000000|100%| S|CS|TAMS 0x0000000710f00000, 0x0000000710f00000| Complete 
| 244|0x0000000711000000, 0x0000000711100000, 0x0000000711100000|100%| E|CS|TAMS 0x0000000711000000, 0x0000000711000000| Complete 
| 245|0x0000000711100000, 0x0000000711200000, 0x0000000711200000|100%| E|CS|TAMS 0x0000000711100000, 0x0000000711100000| Complete 
| 246|0x0000000711200000, 0x0000000711300000, 0x0000000711300000|100%| E|CS|TAMS 0x0000000711200000, 0x0000000711200000| Complete 
| 247|0x0000000711300000, 0x0000000711400000, 0x0000000711400000|100%| E|CS|TAMS 0x0000000711300000, 0x0000000711300000| Complete 
| 248|0x0000000711400000, 0x0000000711500000, 0x0000000711500000|100%| E|CS|TAMS 0x0000000711400000, 0x0000000711400000| Complete 
| 249|0x0000000711500000, 0x0000000711600000, 0x0000000711600000|100%| E|CS|TAMS 0x0000000711500000, 0x0000000711500000| Complete 
| 250|0x0000000711600000, 0x0000000711700000, 0x0000000711700000|100%| E|CS|TAMS 0x0000000711600000, 0x0000000711600000| Complete 
| 251|0x0000000711700000, 0x0000000711800000, 0x0000000711800000|100%| E|CS|TAMS 0x0000000711700000, 0x0000000711700000| Complete 
| 252|0x0000000711800000, 0x0000000711900000, 0x0000000711900000|100%| E|CS|TAMS 0x0000000711800000, 0x0000000711800000| Complete 
| 253|0x0000000711900000, 0x0000000711a00000, 0x0000000711a00000|100%| E|CS|TAMS 0x0000000711900000, 0x0000000711900000| Complete 
| 254|0x0000000711a00000, 0x0000000711b00000, 0x0000000711b00000|100%| E|CS|TAMS 0x0000000711a00000, 0x0000000711a00000| Complete 
| 255|0x0000000711b00000, 0x0000000711c00000, 0x0000000711c00000|100%| E|CS|TAMS 0x0000000711b00000, 0x0000000711b00000| Complete 

Card table byte_map: [0x0000013a19e30000,0x0000013a1a630000] _byte_map_base: 0x0000013a16622000

Marking Bits (Prev, Next): (CMBitMap*) 0x0000013a0229ae98, (CMBitMap*) 0x0000013a0229aed8
 Prev Bits: [0x0000013a1ae30000, 0x0000013a1edc0000)
 Next Bits: [0x0000013a1edc0000, 0x0000013a22d50000)

Polling page: 0x0000013a01a00000

Metaspace:

Usage:
  Non-class:     13.43 MB capacity,    13.10 MB ( 98%) used,   295.96 KB (  2%) free+waste,    41.19 KB ( <1%) overhead. 
      Class:      2.04 MB capacity,     1.86 MB ( 92%) used,   156.34 KB (  8%) free+waste,    20.31 KB ( <1%) overhead. 
       Both:     15.46 MB capacity,    14.96 MB ( 97%) used,   452.30 KB (  3%) free+waste,    61.50 KB ( <1%) overhead. 

Virtual space:
  Non-class space:       14.00 MB reserved,      13.50 MB ( 96%) committed 
      Class space:        1.00 GB reserved,       2.13 MB ( <1%) committed 
             Both:        1.01 GB reserved,      15.63 MB (  2%) committed 

Chunk freelists:
   Non-Class:  1.13 KB
       Class:  0 bytes
        Both:  1.13 KB

CodeHeap 'non-profiled nmethods': size=120064Kb used=668Kb max_used=668Kb free=119395Kb
 bounds [0x0000013a120f0000, 0x0000013a12360000, 0x0000013a19630000]
CodeHeap 'profiled nmethods': size=120000Kb used=3647Kb max_used=3647Kb free=116352Kb
 bounds [0x0000013a0abc0000, 0x0000013a0af50000, 0x0000013a120f0000]
CodeHeap 'non-nmethods': size=5696Kb used=1264Kb max_used=1280Kb free=4431Kb
 bounds [0x0000013a0a630000, 0x0000013a0a8a0000, 0x0000013a0abc0000]
 total_blobs=2588 nmethods=1694 adapters=424
 compilation: enabled
              stopped_count=0, restarted_count=0
 full_count=0

Compilation events (10 events):
Event: 17.218 Thread 0x0000013a25b0a800 nmethod 1690 0x0000013a0af4e990 code [0x0000013a0af4eb80, 0x0000013a0af4eee0]
Event: 17.220 Thread 0x0000013a25b0a800 1691       3       java.lang.invoke.DirectMethodHandle$Holder::invokeStatic (19 bytes)
Event: 17.220 Thread 0x0000013a25b0a800 nmethod 1691 0x0000013a0af4f010 code [0x0000013a0af4f200, 0x0000013a0af4f6c0]
Event: 17.220 Thread 0x0000013a25b0a800 1692       3       java.lang.StringConcatHelper::prepend (37 bytes)
Event: 17.220 Thread 0x0000013a25b0a800 nmethod 1692 0x0000013a0af4f810 code [0x0000013a0af4fa00, 0x0000013a0af4fd40]
Event: 17.254 Thread 0x0000013a2526e000 nmethod 1647 0x0000013a12193790 code [0x0000013a12193a00, 0x0000013a121959d0]
Event: 17.255 Thread 0x0000013a2526e000 1693       4       java.util.Objects::requireNonNull (15 bytes)
Event: 17.255 Thread 0x0000013a2526e000 nmethod 1693 0x0000013a12196b10 code [0x0000013a12196ca0, 0x0000013a12196cf8]
Event: 17.256 Thread 0x0000013a2526e000 1649       4       java.util.concurrent.ConcurrentHashMap::putIfAbsent (8 bytes)
Event: 17.256 Thread 0x0000013a2526e000 nmethod 1649 0x0000013a12196d90 code [0x0000013a12196f40, 0x0000013a12196fe8]

GC Heap History (4 events):
Event: 1.649 GC heap before
{Heap before GC invocations=0 (full 0):
 garbage-first heap   total 262144K, used 13312K [0x0000000701c00000, 0x0000000800000000)
  region size 1024K, 14 young (14336K), 0 survivors (0K)
 Metaspace       used 5651K, capacity 6621K, committed 6912K, reserved 1056768K
  class space    used 614K, capacity 675K, committed 768K, reserved 1048576K
}
Event: 1.655 GC heap after
{Heap after GC invocations=1 (full 0):
 garbage-first heap   total 262144K, used 3957K [0x0000000701c00000, 0x0000000800000000)
  region size 1024K, 2 young (2048K), 2 survivors (2048K)
 Metaspace       used 5651K, capacity 6621K, committed 6912K, reserved 1056768K
  class space    used 614K, capacity 675K, committed 768K, reserved 1048576K
}
Event: 2.351 GC heap before
{Heap before GC invocations=1 (full 0):
 garbage-first heap   total 262144K, used 16245K [0x0000000701c00000, 0x0000000800000000)
  region size 1024K, 14 young (14336K), 2 survivors (2048K)
 Metaspace       used 9095K, capacity 9338K, committed 9472K, reserved 1056768K
  class space    used 1059K, capacity 1159K, committed 1280K, reserved 1048576K
}
Event: 2.356 GC heap after
{Heap after GC invocations=2 (full 0):
 garbage-first heap   total 262144K, used 5392K [0x0000000701c00000, 0x0000000800000000)
  region size 1024K, 2 young (2048K), 2 survivors (2048K)
 Metaspace       used 9095K, capacity 9338K, committed 9472K, reserved 1056768K
  class space    used 1059K, capacity 1159K, committed 1280K, reserved 1048576K
}

Deoptimization events (10 events):
Event: 2.573 Thread 0x0000013a02234800 Uncommon trap: reason=unstable_if action=reinterpret pc=0x0000013a1213b420 method=java.lang.String.startsWith(Ljava/lang/String;I)Z @ 46 c2
Event: 2.573 Thread 0x0000013a02234800 Uncommon trap: reason=unstable_if action=reinterpret pc=0x0000013a1213bee0 method=java.lang.String.startsWith(Ljava/lang/String;I)Z @ 46 c2
Event: 2.590 Thread 0x0000013a02234800 Uncommon trap: reason=unstable_if action=reinterpret pc=0x0000013a1216f8fc method=java.lang.String.startsWith(Ljava/lang/String;I)Z @ 131 c2
Event: 2.601 Thread 0x0000013a02234800 Uncommon trap: reason=unstable_if action=reinterpret pc=0x0000013a1214d2dc method=java.util.concurrent.ConcurrentHashMap.putVal(Ljava/lang/Object;Ljava/lang/Object;Z)Ljava/lang/Object; @ 245 c2
Event: 2.602 Thread 0x0000013a02234800 Uncommon trap: reason=unstable_if action=reinterpret pc=0x0000013a121133dc method=java.lang.String.hashCode()I @ 22 c2
Event: 2.913 Thread 0x0000013a02234800 Uncommon trap: reason=unstable_if action=reinterpret pc=0x0000013a1216d9c8 method=java.io.ByteArrayInputStream.read([BII)I @ 35 c2
Event: 2.966 Thread 0x0000013a02234800 Uncommon trap: reason=class_check action=maybe_recompile pc=0x0000013a121775e8 method=java.util.concurrent.ConcurrentHashMap.putVal(Ljava/lang/Object;Ljava/lang/Object;Z)Ljava/lang/Object; @ 159 c2
Event: 2.993 Thread 0x0000013a02234800 Uncommon trap: reason=unstable_if action=reinterpret pc=0x0000013a121869d8 method=java.util.regex.Pattern$BmpCharProperty.match(Ljava/util/regex/Matcher;ILjava/lang/CharSequence;)Z @ 5 c2
Event: 3.127 Thread 0x0000013a02234800 Uncommon trap: reason=unstable_if action=reinterpret pc=0x0000013a121777b0 method=java.util.concurrent.ConcurrentHashMap.putVal(Ljava/lang/Object;Ljava/lang/Object;Z)Ljava/lang/Object; @ 231 c2
Event: 3.129 Thread 0x0000013a02234800 Uncommon trap: reason=unstable_if action=reinterpret pc=0x0000013a121651c0 method=java.io.ByteArrayInputStream.read()I @ 8 c2

Classes redefined (2 events):
Event: 805.941 Thread 0x0000013a2524e000 redefined class name=com.bookmyshow.pom.base.BasePage, count=1
Event: 1437.799 Thread 0x0000013a2524e000 redefined class name=com.bookmyshow.pom.testcases.Login, count=1

Internal exceptions (10 events):
Event: 2.384 Thread 0x0000013a02234800 Exception <a 'java/lang/NoSuchMethodError'{0x0000000711b482e0}: java.lang.invoke.DirectMethodHandle$Holder.invokeSpecialIFC(Ljava/lang/Object;Ljava/lang/Object;I)I> (0x0000000711b482e0) thrown at [t:/workspace/open/src/hotspot/share/interpreter/linkResolv
Event: 2.887 Thread 0x0000013a02234800 Exception <a 'java/lang/NoSuchMethodError'{0x0000000710ccfde8}: java.lang.invoke.DirectMethodHandle$Holder.invokeInterface(Ljava/lang/Object;Ljava/lang/Object;Ljava/lang/Object;)Ljava/lang/Object;> (0x0000000710ccfde8) thrown at [t:/workspace/open/src/hot
Event: 2.887 Thread 0x0000013a02234800 Exception <a 'java/lang/IncompatibleClassChangeError'{0x0000000710cd2c70}: Found class java.lang.Object, but interface was expected> (0x0000000710cd2c70) thrown at [t:/workspace/open/src/hotspot/share/interpreter/linkResolver.cpp, line 843]
Event: 2.890 Thread 0x0000013a02234800 Exception <a 'java/lang/NoSuchMethodError'{0x0000000710cdb0a8}: java.lang.invoke.DirectMethodHandle$Holder.invokeSpecialIFC(Ljava/lang/Object;Ljava/lang/Object;Ljava/lang/Object;Ljava/lang/Object;)I> (0x0000000710cdb0a8) thrown at [t:/workspace/open/src/h
Event: 2.899 Thread 0x0000013a02234800 Exception <a 'java/lang/NoSuchMethodError'{0x0000000710b3d990}: java.lang.invoke.DirectMethodHandle$Holder.invokeVirtual(Ljava/lang/Object;Ljava/lang/Object;Ljava/lang/Object;)Ljava/lang/Object;> (0x0000000710b3d990) thrown at [t:/workspace/open/src/hotsp
Event: 17.135 Thread 0x0000013a02234800 Exception <a 'java/lang/NoSuchMethodError'{0x0000000710370c48}: java.lang.invoke.DirectMethodHandle$Holder.invokeSpecial(Ljava/lang/Object;Ljava/lang/Object;Ljava/lang/Object;Ljava/lang/Object;)V> (0x0000000710370c48) thrown at [t:/workspace/open/src/hots
Event: 17.138 Thread 0x0000013a02234800 Exception <a 'java/lang/NoSuchMethodError'{0x000000071037dc00}: java.lang.invoke.DirectMethodHandle$Holder.invokeStatic(Ljava/lang/Object;Ljava/lang/Object;Ljava/lang/Object;Ljava/lang/Object;)V> (0x000000071037dc00) thrown at [t:/workspace/open/src/hotsp
Event: 17.191 Thread 0x0000013a02234800 Exception <a 'java/lang/ClassNotFoundException'{0x000000071027bac0}: sun/util/logging/resources/spi/loggingProvider> (0x000000071027bac0) thrown at [t:/workspace/open/src/hotspot/share/classfile/systemDictionary.cpp, line 235]
Event: 13076.928 Thread 0x0000013a02234800 Exception <a 'java/lang/NoSuchMethodError'{0x000000070ff264f8}: java.lang.invoke.DirectMethodHandle$Holder.invokeVirtual(Ljava/lang/Object;Ljava/lang/Object;)I> (0x000000070ff264f8) thrown at [t:/workspace/open/src/hotspot/share/interpreter/linkResolver.c
Event: 13077.310 Thread 0x0000013a02234800 Exception <a 'java/lang/ClassNotFoundException'{0x000000070ff4dad0}: sun/misc/SharedSecrets> (0x000000070ff4dad0) thrown at [t:/workspace/open/src/hotspot/share/classfile/systemDictionary.cpp, line 235]

Events (10 events):
Event: 13077.257 loading class org/openqa/selenium/remote/HttpSessionId
Event: 13077.257 loading class org/openqa/selenium/remote/HttpSessionId done
Event: 13077.284 loading class com/google/common/base/Throwables
Event: 13077.284 loading class com/google/common/base/Throwables done
Event: 13077.310 loading class sun/misc/SharedSecrets
Event: 13077.310 loading class sun/misc/SharedSecrets done
Event: 13077.388 loading class org/openqa/selenium/AbstractCapabilities
Event: 13077.388 loading class org/openqa/selenium/AbstractCapabilities done
Event: 13077.427 loading class java/util/stream/SortedOps$SizedRefSortingSink
Event: 13077.427 loading class java/util/stream/SortedOps$SizedRefSortingSink done


Dynamic libraries:
0x00007ff6fd000000 - 0x00007ff6fd00f000 	C:\Program Files\Java\jdk-12\bin\javaw.exe
0x00007ffb314a0000 - 0x00007ffb31690000 	C:\WINDOWS\SYSTEM32\ntdll.dll
0x00007ffb312e0000 - 0x00007ffb31392000 	C:\WINDOWS\System32\KERNEL32.DLL
0x00007ffb2f150000 - 0x00007ffb2f3f3000 	C:\WINDOWS\System32\KERNELBASE.dll
0x00007ffb2ecb0000 - 0x00007ffb2edaa000 	C:\WINDOWS\System32\ucrtbase.dll
0x00007ffb26a40000 - 0x00007ffb26a58000 	C:\Program Files\Java\jdk-12\bin\jli.dll
0x00007ffb2fbe0000 - 0x00007ffb2fc83000 	C:\WINDOWS\System32\ADVAPI32.dll
0x00007ffb2f5f0000 - 0x00007ffb2f68e000 	C:\WINDOWS\System32\msvcrt.dll
0x00007ffb2f740000 - 0x00007ffb2f7d7000 	C:\WINDOWS\System32\sechost.dll
0x00007ffb2f8b0000 - 0x00007ffb2f9d0000 	C:\WINDOWS\System32\RPCRT4.dll
0x00007ffb2fa30000 - 0x00007ffb2fbc4000 	C:\WINDOWS\System32\USER32.dll
0x00007ffb2ebe0000 - 0x00007ffb2ec01000 	C:\WINDOWS\System32\win32u.dll
0x00007ffb2f550000 - 0x00007ffb2f576000 	C:\WINDOWS\System32\GDI32.dll
0x00007ffb2ee60000 - 0x00007ffb2eff4000 	C:\WINDOWS\System32\gdi32full.dll
0x00007ffb2ec10000 - 0x00007ffb2ecae000 	C:\WINDOWS\System32\msvcp_win.dll
0x00007ffb26ed0000 - 0x00007ffb26ee6000 	C:\Program Files\Java\jdk-12\bin\VCRUNTIME140.dll
0x00007ffb1cba0000 - 0x00007ffb1ce25000 	C:\WINDOWS\WinSxS\amd64_microsoft.windows.common-controls_6595b64144ccf1df_6.0.18362.592_none_e6c0b1911312be02\COMCTL32.dll
0x00007ffb300e0000 - 0x00007ffb30416000 	C:\WINDOWS\System32\combase.dll
0x00007ffb2f0b0000 - 0x00007ffb2f130000 	C:\WINDOWS\System32\bcryptPrimitives.dll
0x00007ffb23750000 - 0x00007ffb2375a000 	C:\WINDOWS\SYSTEM32\VERSION.dll
0x00007ffb30420000 - 0x00007ffb3044e000 	C:\WINDOWS\System32\IMM32.DLL
0x00007ffb0fa30000 - 0x00007ffb0fada000 	C:\Program Files\Java\jdk-12\bin\msvcp140.dll
0x00007ffaf6c00000 - 0x00007ffaf7774000 	C:\Program Files\Java\jdk-12\bin\server\jvm.dll
0x00007ffb2fbd0000 - 0x00007ffb2fbd8000 	C:\WINDOWS\System32\PSAPI.DLL
0x00007ffb2a9e0000 - 0x00007ffb2a9e9000 	C:\WINDOWS\SYSTEM32\WSOCK32.dll
0x00007ffb2fdd0000 - 0x00007ffb2fe3f000 	C:\WINDOWS\System32\WS2_32.dll
0x00007ffb2b250000 - 0x00007ffb2b274000 	C:\WINDOWS\SYSTEM32\WINMM.dll
0x00007ffb2b040000 - 0x00007ffb2b06d000 	C:\WINDOWS\SYSTEM32\winmmbase.dll
0x00007ffb2f000000 - 0x00007ffb2f04a000 	C:\WINDOWS\System32\cfgmgr32.dll
0x00007ffb2e380000 - 0x00007ffb2e391000 	C:\WINDOWS\System32\kernel.appcore.dll
0x00007ffb246c0000 - 0x00007ffb246d1000 	C:\Program Files\Java\jdk-12\bin\verify.dll
0x00007ffb1bd00000 - 0x00007ffb1bef4000 	C:\WINDOWS\SYSTEM32\DBGHELP.DLL
0x00007ffb1eeb0000 - 0x00007ffb1eeda000 	C:\WINDOWS\SYSTEM32\dbgcore.DLL
0x00007ffb22ad0000 - 0x00007ffb22af6000 	C:\Program Files\Java\jdk-12\bin\java.dll
0x00007ffb17c50000 - 0x00007ffb17c88000 	C:\Program Files\Java\jdk-12\bin\jdwp.dll
0x00007ffb22800000 - 0x00007ffb22817000 	C:\Program Files\Java\jdk-12\bin\zip.dll
0x00007ffb2bbb0000 - 0x00007ffb2bbba000 	C:\Program Files\Java\jdk-12\bin\jimage.dll
0x00007ffb30a90000 - 0x00007ffb31175000 	C:\WINDOWS\System32\SHELL32.dll
0x00007ffb2fec0000 - 0x00007ffb2ff69000 	C:\WINDOWS\System32\shcore.dll
0x00007ffb2e460000 - 0x00007ffb2ebdf000 	C:\WINDOWS\System32\windows.storage.dll
0x00007ffb2e410000 - 0x00007ffb2e42f000 	C:\WINDOWS\System32\profapi.dll
0x00007ffb2e3a0000 - 0x00007ffb2e3ea000 	C:\WINDOWS\System32\powrprof.dll
0x00007ffb2e370000 - 0x00007ffb2e380000 	C:\WINDOWS\System32\UMPDC.dll
0x00007ffb31400000 - 0x00007ffb31452000 	C:\WINDOWS\System32\shlwapi.dll
0x00007ffb2f130000 - 0x00007ffb2f147000 	C:\WINDOWS\System32\cryptsp.dll
0x00007ffb27770000 - 0x00007ffb2777a000 	C:\Program Files\Java\jdk-12\bin\dt_socket.dll
0x00007ffb2db80000 - 0x00007ffb2dbe7000 	C:\WINDOWS\System32\mswsock.dll
0x00007ffb2d8d0000 - 0x00007ffb2d99a000 	C:\WINDOWS\SYSTEM32\DNSAPI.dll
0x00007ffb30040000 - 0x00007ffb30048000 	C:\WINDOWS\System32\NSI.dll
0x00007ffb2d890000 - 0x00007ffb2d8ca000 	C:\WINDOWS\SYSTEM32\IPHLPAPI.DLL
0x00007ffb271a0000 - 0x00007ffb27217000 	C:\WINDOWS\System32\fwpuclnt.dll
0x00007ffb2e430000 - 0x00007ffb2e456000 	C:\WINDOWS\System32\bcrypt.dll
0x00007ffb276a0000 - 0x00007ffb276aa000 	C:\Windows\System32\rasadhlp.dll
0x00007ffb17c30000 - 0x00007ffb17c49000 	C:\Program Files\Java\jdk-12\bin\net.dll
0x00007ffb25740000 - 0x00007ffb25916000 	C:\WINDOWS\SYSTEM32\urlmon.dll
0x00007ffb294f0000 - 0x00007ffb295e0000 	C:\WINDOWS\SYSTEM32\WINHTTP.dll
0x00007ffb21840000 - 0x00007ffb21ae6000 	C:\WINDOWS\SYSTEM32\iertutil.dll
0x00007ffb2dd50000 - 0x00007ffb2dd5c000 	C:\WINDOWS\SYSTEM32\CRYPTBASE.DLL
0x00007ffb17c10000 - 0x00007ffb17c23000 	C:\Program Files\Java\jdk-12\bin\nio.dll
0x00007ffb2d6f0000 - 0x00007ffb2d723000 	C:\WINDOWS\system32\rsaenh.dll
0x00007ffb2e290000 - 0x00007ffb2e2b5000 	C:\WINDOWS\SYSTEM32\USERENV.dll
0x00007ffb27780000 - 0x00007ffb27796000 	C:\WINDOWS\SYSTEM32\dhcpcsvc6.DLL
0x00007ffb27940000 - 0x00007ffb2795c000 	C:\WINDOWS\SYSTEM32\dhcpcsvc.DLL
0x00007ffb2ae40000 - 0x00007ffb2ae56000 	C:\WINDOWS\system32\napinsp.dll
0x00007ffb2a730000 - 0x00007ffb2a74a000 	C:\WINDOWS\system32\pnrpnsp.dll
0x00007ffb2bb50000 - 0x00007ffb2bb5e000 	C:\WINDOWS\System32\winrnr.dll
0x00007ffb2a7f0000 - 0x00007ffb2a80c000 	C:\WINDOWS\system32\NLAapi.dll
0x00007ffb294d0000 - 0x00007ffb294e5000 	C:\WINDOWS\system32\wshbth.dll
0x00007ffb2a700000 - 0x00007ffb2a70e000 	C:\Program Files\Java\jdk-12\bin\sunmscapi.dll
0x00007ffb2f400000 - 0x00007ffb2f549000 	C:\WINDOWS\System32\CRYPT32.dll
0x00007ffb2e3f0000 - 0x00007ffb2e402000 	C:\WINDOWS\System32\MSASN1.dll
0x00007ffb2de50000 - 0x00007ffb2de76000 	C:\WINDOWS\SYSTEM32\ncrypt.dll
0x00007ffb2de10000 - 0x00007ffb2de4b000 	C:\WINDOWS\SYSTEM32\NTASN1.dll
0x00007ffb078b0000 - 0x00007ffb078d7000 	C:\Program Files\Java\jdk-12\bin\sunec.dll

dbghelp: loaded successfully - version: 4.0.5 - missing functions: none
symbol engine: initialized successfully - sym options: 0x614 - pdb path: .;C:\Program Files\Java\jdk-12\bin;C:\WINDOWS\SYSTEM32;C:\WINDOWS\WinSxS\amd64_microsoft.windows.common-controls_6595b64144ccf1df_6.0.18362.592_none_e6c0b1911312be02;C:\Program Files\Java\jdk-12\bin\server

VM Arguments:
jvm_args: -agentlib:jdwp=transport=dt_socket,suspend=y,address=localhost:55971 -ea -Dfile.encoding=Cp1252 
java_command: org.testng.remote.RemoteTestNG -serport 55970 -protocol json -d D:\Selenium\Eclips\BookMySHow\test-output C:\Users\OK\AppData\Local\Temp\testng-eclipse--1438181302\testng-customsuite.xml
java_class_path (initial): C:\Users\OK\Downloads\eclipse\configuration\org.eclipse.osgi\528\0\.cp\lib\testng-remote.jar;D:\Selenium\Eclips\BookMySHow\target\test-classes;D:\Selenium\Eclips\BookMySHow\target\classes;C:\Users\OK\Downloads\eclipse\plugins\org.junit_4.12.0.v201504281640\junit.jar;C:\Users\OK\Downloads\eclipse\plugins\org.hamcrest.core_1.3.0.v20180420-1519.jar;C:\Users\OK\.m2\repository\org\seleniumhq\selenium\selenium-java\3.7.0\selenium-java-3.7.0.jar;C:\Users\OK\.m2\repository\org\seleniumhq\selenium\selenium-api\3.7.0\selenium-api-3.7.0.jar;C:\Users\OK\.m2\repository\org\seleniumhq\selenium\selenium-chrome-driver\3.7.0\selenium-chrome-driver-3.7.0.jar;C:\Users\OK\.m2\repository\org\seleniumhq\selenium\selenium-edge-driver\3.7.0\selenium-edge-driver-3.7.0.jar;C:\Users\OK\.m2\repository\org\seleniumhq\selenium\selenium-firefox-driver\3.7.0\selenium-firefox-driver-3.7.0.jar;C:\Users\OK\.m2\repository\org\seleniumhq\selenium\selenium-ie-driver\3.7.0\selenium-ie-driver-3.7.0.jar;C:\Users\OK\.m2\repository\org\seleniumhq\selenium\selenium-opera-driver\3.7.0\selenium-opera-driver-3.7.0.jar;C:\Users\OK\.m2\repository\org\seleniumhq\selenium\selenium-remote-driver\3.7.0\selenium-remote-driver-3.7.0.jar;C:\Users\OK\.m2\repository\org\seleniumhq\selenium\selenium-safari-driver\3.7.0\selenium-safari-driver-3.7.0.jar;C:\Users\OK\.m2\repository\org\seleniumhq\selenium\selenium-support\3.7.0\selenium-support-3.7.0.jar;C:\Users\OK\.m2\repository\net\bytebuddy\byte-buddy\1.7.5\byte-buddy-1.7.5.jar;C:\Users\OK\.m2\repository\org\apache\commons\commons-exec\1.3\commons-exec-1.3.jar;C:\Users\OK\.m2\repository\commons-codec\commons-codec\1.10\commons-codec-1.10.jar;C:\Users\OK\.m2\repository\commons-logging\commons-logging\1.2\commons-logging-1.2.jar;C:\Users\OK\.m2\repository\com\google\code\gson\gson\2.8.2\gson-2.8.2.jar;C:\Users\OK\.m2\repository\com\google\guava\guava\23.0\guava-23.0.jar;C:\Users\OK\.m2\repository\com\google\code\findbugs\jsr305\1.3.9\jsr305-1.3.9.
Launcher Type: SUN_STANDARD

[Global flags]
     intx CICompilerCount                          = 3                                         {product} {ergonomic}
     uint ConcGCThreads                            = 1                                         {product} {ergonomic}
     uint G1ConcRefinementThreads                  = 4                                         {product} {ergonomic}
   size_t G1HeapRegionSize                         = 1048576                                   {product} {ergonomic}
    uintx GCDrainStackTargetSize                   = 64                                        {product} {ergonomic}
   size_t InitialHeapSize                          = 268435456                                 {product} {ergonomic}
   size_t MarkStackSize                            = 4194304                                   {product} {ergonomic}
   size_t MaxHeapSize                              = 4265607168                                {product} {ergonomic}
   size_t MaxNewSize                               = 2558525440                                {product} {ergonomic}
   size_t MinHeapDeltaBytes                        = 1048576                                   {product} {ergonomic}
    uintx NonNMethodCodeHeapSize                   = 5830732                                {pd product} {ergonomic}
    uintx NonProfiledCodeHeapSize                  = 122913754                              {pd product} {ergonomic}
    uintx ProfiledCodeHeapSize                     = 122913754                              {pd product} {ergonomic}
    uintx ReservedCodeCacheSize                    = 251658240                              {pd product} {ergonomic}
     bool SegmentedCodeCache                       = true                                      {product} {ergonomic}
     bool UseCompressedClassPointers               = true                                 {lp64_product} {ergonomic}
     bool UseCompressedOops                        = true                                 {lp64_product} {ergonomic}
     bool UseG1GC                                  = true                                      {product} {ergonomic}
     bool UseLargePagesIndividualAllocation        = false                                  {pd product} {ergonomic}

Logging:
Log output configuration:
 #0: stdout all=warning uptime,level,tags
 #1: stderr all=off uptime,level,tags

Environment Variables:
PATH=C:/Program Files/Java/jre1.8.0_212/bin/server;C:/Program Files/Java/jre1.8.0_212/bin;C:/Program Files/Java/jre1.8.0_212/lib/amd64;C:\Program Files (x86)\Common Files\Oracle\Java\javapath;C:\WINDOWS\system32;C:\WINDOWS;C:\WINDOWS\System32\Wbem;C:\WINDOWS\System32\WindowsPowerShell\v1.0\;C:\MinGW\bin;C:\Program Files\PuTTY\;C:\WINDOWS\System32\OpenSSH\;C:\Program Files\Java\jdk-12\bin;C:\Users\OK\AppData\Local\Android\android-sdk\tools;C:\Users\OK\AppData\Local\Android\android-sdk\platform-tools;C:\Users\OK\AppData\Local\Microsoft\WindowsApps;C:\Program Files\Java\jdk-12\bin;C:\Program Files\Java\jre1.8.0_212\bin;;C:\Users\OK\Downloads\eclipse;
USERNAME=OK
OS=Windows_NT
PROCESSOR_IDENTIFIER=Intel64 Family 6 Model 58 Stepping 9, GenuineIntel



---------------  S Y S T E M  ---------------

OS: Windows 10 , 64 bit Build 18362 (10.0.18362.329)

CPU:total 4 (initial active 4) (2 cores per cpu, 2 threads per core) family 6 model 58 stepping 9, cmov, cx8, fxsr, mmx, sse, sse2, sse3, ssse3, sse4.1, sse4.2, popcnt, avx, aes, clmul, erms, ht, tsc, tscinvbit, tscinv

Memory: 4k page, system-wide physical 16270M (9075M free)
TotalPageFile size 18702M (AvailPageFile size 10501M)
current process WorkingSet (physical memory assigned to process): 94M, peak: 98M
current process commit charge ("private bytes"): 369M, peak: 372M

vm_info: Java HotSpot(TM) 64-Bit Server VM (12+33) for windows-amd64 JRE (12+33), built on Feb 21 2019 02:31:50 by "mach5one" with MS VC++ 15.5 (VS2017)

END.
